00400000-00417000 r-xp 00000000 08:01 1049785                            /usr/bin/top
00616000-00617000 r--p 00016000 08:01 1049785                            /usr/bin/top
00617000-00619000 rw-p 00017000 08:01 1049785                            /usr/bin/top
00619000-00640000 rw-p 00000000 00:00 0 
010c6000-01151000 rw-p 00000000 00:00 0                                  [heap]
7f8f73cf7000-7f8f73d02000 r-xp 00000000 08:01 1970322                    /lib/x86_64-linux-gnu/libnss_files-2.19.so
7f8f73d02000-7f8f73f01000 ---p 0000b000 08:01 1970322                    /lib/x86_64-linux-gnu/libnss_files-2.19.so
7f8f73f01000-7f8f73f02000 r--p 0000a000 08:01 1970322                    /lib/x86_64-linux-gnu/libnss_files-2.19.so
7f8f73f02000-7f8f73f03000 rw-p 0000b000 08:01 1970322                    /lib/x86_64-linux-gnu/libnss_files-2.19.so
7f8f73f03000-7f8f73f0e000 r-xp 00000000 08:01 1970332                    /lib/x86_64-linux-gnu/libnss_nis-2.19.so
7f8f73f0e000-7f8f7410d000 ---p 0000b000 08:01 1970332                    /lib/x86_64-linux-gnu/libnss_nis-2.19.so
7f8f7410d000-7f8f7410e000 r--p 0000a000 08:01 1970332                    /lib/x86_64-linux-gnu/libnss_nis-2.19.so
7f8f7410e000-7f8f7410f000 rw-p 0000b000 08:01 1970332                    /lib/x86_64-linux-gnu/libnss_nis-2.19.so
7f8f7410f000-7f8f74126000 r-xp 00000000 08:01 1970316                    /lib/x86_64-linux-gnu/libnsl-2.19.so
7f8f74126000-7f8f74325000 ---p 00017000 08:01 1970316                    /lib/x86_64-linux-gnu/libnsl-2.19.so
7f8f74325000-7f8f74326000 r--p 00016000 08:01 1970316                    /lib/x86_64-linux-gnu/libnsl-2.19.so
7f8f74326000-7f8f74327000 rw-p 00017000 08:01 1970316                    /lib/x86_64-linux-gnu/libnsl-2.19.so
7f8f74327000-7f8f74329000 rw-p 00000000 00:00 0 
7f8f74329000-7f8f74332000 r-xp 00000000 08:01 1970318                    /lib/x86_64-linux-gnu/libnss_compat-2.19.so
7f8f74332000-7f8f74531000 ---p 00009000 08:01 1970318                    /lib/x86_64-linux-gnu/libnss_compat-2.19.so
7f8f74531000-7f8f74532000 r--p 00008000 08:01 1970318                    /lib/x86_64-linux-gnu/libnss_compat-2.19.so
7f8f74532000-7f8f74533000 rw-p 00009000 08:01 1970318                    /lib/x86_64-linux-gnu/libnss_compat-2.19.so
7f8f74533000-7f8f7453d000 r-xp 00000000 08:01 1058921                    /usr/lib/x86_64-linux-gnu/libnuma.so.1
7f8f7453d000-7f8f7473c000 ---p 0000a000 08:01 1058921                    /usr/lib/x86_64-linux-gnu/libnuma.so.1
7f8f7473c000-7f8f7473d000 r--p 00009000 08:01 1058921                    /usr/lib/x86_64-linux-gnu/libnuma.so.1
7f8f7473d000-7f8f7473e000 rw-p 0000a000 08:01 1058921                    /usr/lib/x86_64-linux-gnu/libnuma.so.1
7f8f7473e000-7f8f74e20000 r--p 00000000 08:01 1056759                    /usr/lib/locale/locale-archive
7f8f74e20000-7f8f74fdc000 r-xp 00000000 08:01 1970247                    /lib/x86_64-linux-gnu/libc-2.19.so
7f8f74fdc000-7f8f751db000 ---p 001bc000 08:01 1970247                    /lib/x86_64-linux-gnu/libc-2.19.so
7f8f751db000-7f8f751df000 r--p 001bb000 08:01 1970247                    /lib/x86_64-linux-gnu/libc-2.19.so
7f8f751df000-7f8f751e1000 rw-p 001bf000 08:01 1970247                    /lib/x86_64-linux-gnu/libc-2.19.so
7f8f751e1000-7f8f751e6000 rw-p 00000000 00:00 0 
7f8f751e6000-7f8f751e9000 r-xp 00000000 08:01 1970264                    /lib/x86_64-linux-gnu/libdl-2.19.so
7f8f751e9000-7f8f753e8000 ---p 00003000 08:01 1970264                    /lib/x86_64-linux-gnu/libdl-2.19.so
7f8f753e8000-7f8f753e9000 r--p 00002000 08:01 1970264                    /lib/x86_64-linux-gnu/libdl-2.19.so
7f8f753e9000-7f8f753ea000 rw-p 00003000 08:01 1970264                    /lib/x86_64-linux-gnu/libdl-2.19.so
7f8f753ea000-7f8f7540f000 r-xp 00000000 08:01 1970393                    /lib/x86_64-linux-gnu/libtinfo.so.5.9
7f8f7540f000-7f8f7560e000 ---p 00025000 08:01 1970393                    /lib/x86_64-linux-gnu/libtinfo.so.5.9
7f8f7560e000-7f8f75612000 r--p 00024000 08:01 1970393                    /lib/x86_64-linux-gnu/libtinfo.so.5.9
7f8f75612000-7f8f75613000 rw-p 00028000 08:01 1970393                    /lib/x86_64-linux-gnu/libtinfo.so.5.9
7f8f75613000-7f8f75623000 r-xp 00000000 08:01 1970366                    /lib/x86_64-linux-gnu/libprocps.so.3.0.0
7f8f75623000-7f8f75823000 ---p 00010000 08:01 1970366                    /lib/x86_64-linux-gnu/libprocps.so.3.0.0
7f8f75823000-7f8f75824000 r--p 00010000 08:01 1970366                    /lib/x86_64-linux-gnu/libprocps.so.3.0.0
7f8f75824000-7f8f75825000 rw-p 00011000 08:01 1970366                    /lib/x86_64-linux-gnu/libprocps.so.3.0.0
7f8f75825000-7f8f75837000 rw-p 00000000 00:00 0 
7f8f75837000-7f8f7585a000 r-xp 00000000 08:01 1970223                    /lib/x86_64-linux-gnu/ld-2.19.so
7f8f75a1e000-7f8f75a43000 rw-p 00000000 00:00 0 
7f8f75a56000-7f8f75a59000 rw-p 00000000 00:00 0 
7f8f75a59000-7f8f75a5a000 r--p 00022000 08:01 1970223                    /lib/x86_64-linux-gnu/ld-2.19.so
7f8f75a5a000-7f8f75a5b000 rw-p 00023000 08:01 1970223                    /lib/x86_64-linux-gnu/ld-2.19.so
7f8f75a5b000-7f8f75a5c000 rw-p 00000000 00:00 0 
7fff02d9b000-7fff02dbc000 rw-p 00000000 00:00 0                          [stack]
7fff02dde000-7fff02de0000 r--p 00000000 00:00 0                          [vvar]
7fff02de0000-7fff02de2000 r-xp 00000000 00:00 0                          [vdso]
ffffffffff600000-ffffffffff601000 r-xp 00000000 00:00 0                  [vsyscall]
